<?xml version="1.0" encoding="UTF-8"?>
<!-- Generated by org.testng.reporters.JUnitReportReporter -->
<testsuite skipped="0" hostname="TLV-02ZP200LVDM" name="APITests" tests="4" failures="0" timestamp="2022-06-10T00:35:17 IDT" time="2.473" errors="0">
  <testcase name="test4" time="0.228" classname="APITests"/>
  <system-out/>
  <testcase name="test3" time="0.365" classname="APITests"/>
  <system-out/>
  <testcase name="test2" time="0.512" classname="APITests"/>
  <system-out/>
  <testcase name="test1" time="1.368" classname="APITests"/>
  <system-out/>
</testsuite> <!-- APITests -->
